#! /bin/sh -f
mkdir AbundanceElt \
BiologyElt \
BiostatusElt \
ClimatePreferenceElt \
DefinedSchemaElt \
DescriptiveDataElt \
DescriptiveDiagnosticDataElt \
DistributionElt \
EnemiesElt \
ExpertiseElt \
FactsElt \
GeneralFactsElt \
HabitatDataElt \
HostsElt \
ImpactsElt \
InvasivenessElt \
LocationElt \
LocationSpecificFactsElt \
LocationSpecificlFactsElt \
LookalikesElt \
ManagementElt \
MetadataElt \
PCElt.zip \
PathwayType \
PopulationDynamicsElt \
PrimaryDataElt \
ProfileRootElt \
ProjectOrCaseStudyElt \
ReportedDataElt \
SourceMetadataType \
SourceReferenceElt \
SourcesElt \
TaxonDataElt \
TaxonomicType \
UsesElt \
