Processing DarwinCore
This is a subscription service to be automatically notified by e-mail when topics change in this *<nop>%WEB%* web. This is a convenient service, so you do not have to come back and check all the time if something has changed. To subscribe, please add a bullet with your %TWIKIWEB%.WikiName in alphabetical order to this list:



%INCLUDE{"%TWIKIWEB%.WebChangesAlert"}%

__Related topics:__ %TWIKIWEB%.WebChangesAlert, %MAINWEB%.%WIKIUSERSTOPIC%, %TWIKIWEB%.TWikiRegistration

<!-- Do _not_ attempt to edit this topic; it is auto-generated. Please add comments/questions/remarks to the Dev topic instead. -->
   * ricardo@tdwg.org: *
   * sblum@calacademy.org: *
   * tuco@berkeley.edu: *
	Last notification was at 01 Mar 2007 - 11:03
Processing ExecInternal
This is a subscription service to be automatically notified by e-mail when topics change in this *<nop>%WEB%* web. This is a convenient service, so you do not have to come back and check all the time if something has changed. To subscribe, please add a bullet with your %TWIKIWEB%.WikiName in alphabetical order to this list:


%INCLUDE{"%TWIKIWEB%.WebChangesAlert"}%

__Related topics:__ %TWIKIWEB%.WebChangesAlert, %MAINWEB%.%WIKIUSERSTOPIC%, %TWIKIWEB%.TWikiRegistration

<!-- Do _not_ attempt to edit this topic; it is auto-generated. Please add comments/questions/remarks to the Dev topic instead. -->
   * RicardoPereira: *
	Last notification was at 15 Feb 2007 - 19:39
Processing Executive
This is a subscription service to be automatically notified by e-mail when topics change in this *<nop>%WEB%* web. This is a convenient service, so you do not have to come back and check all the time if something has changed. To subscribe, please add a bullet with your %TWIKIWEB%.WikiName in alphabetical order to this list:


%INCLUDE{"%TWIKIWEB%.WebChangesAlert"}%

__Related topics:__ %TWIKIWEB%.WebChangesAlert, %MAINWEB%.%WIKIUSERSTOPIC%, %TWIKIWEB%.TWikiRegistration

<!-- Do _not_ attempt to edit this topic; it is auto-generated. Please add comments/questions/remarks to the Dev topic instead. -->
   * RicardoPereira: *
	Last notification was at 21 Feb 2007 - 13:09
Processing GUID
This is a subscription service to be automatically notified by e-mail when topics change in this *<nop>%WEB%* web. This is a convenient service, so you do not have to come back and check all the time if something has changed. To subscribe, please add a bullet with your %TWIKIWEB%.WikiName in alphabetical order to this list:


%INCLUDE{"%TWIKIWEB%.WebChangesAlert"}%

__Related topics:__ %TWIKIWEB%.WebChangesAlert, %MAINWEB%.%WIKIUSERSTOPIC%, %TWIKIWEB%.TWikiRegistration

<!-- Do _not_ attempt to edit this topic; it is auto-generated. Please add comments/questions/remarks to the Dev topic instead. -->
   * ricardo@tdwg.org: *
	Last notification was at 27 Feb 2007 - 15:46
Processing Geospatial
This is a subscription service to be automatically notified by e-mail when topics change in this *<nop>%WEB%* web. This is a convenient service, so you do not have to come back and check all the time if something has changed. To subscribe, please add a bullet with your %TWIKIWEB%.WikiName in alphabetical order to this list:


%INCLUDE{"%TWIKIWEB%.WebChangesAlert"}%

__Related topics:__ %TWIKIWEB%.WebChangesAlert, %MAINWEB%.%WIKIUSERSTOPIC%, %TWIKIWEB%.TWikiRegistration

<!-- Do _not_ attempt to edit this topic; it is auto-generated. Please add comments/questions/remarks to the Dev topic instead. -->
   * JavierTorre: *
   * JohnWieczorek: *
   * RicardoPereira: *
   * TimSutton: *
	Last notification was at 28 Feb 2007 - 17:33
Processing InvasiveSpecies
	InvasiveSpecies has no subscribers
Processing Main
	Main has no subscribers
Processing NCD
This is a subscription service to be automatically notified by e-mail when topics change in this *<nop>%WEB%* web. This is a convenient service, so you do not have to come back and check all the time if something has changed. To subscribe, please add a bullet with your %TWIKIWEB%.WikiName in alphabetical order to this list:


%INCLUDE{"%TWIKIWEB%.WebChangesAlert"}%

__Related topics:__ %TWIKIWEB%.WebChangesAlert, %MAINWEB%.%WIKIUSERSTOPIC%, %TWIKIWEB%.TWikiRegistration

<!-- Do _not_ attempt to edit this topic; it is auto-generated. Please add comments/questions/remarks to the Dev topic instead. -->
   * n.thomson@nhm.ac.uk: *
   * ricardo@tdwg.org: *
	Last notification was at 21 Feb 2007 - 13:09
Processing Observational
This is a subscription service to be automatically notified by e-mail when topics change in this *<nop>%WEB%* web. This is a convenient service, so you do not have to come back and check all the time if something has changed. To subscribe, please add a bullet with your %TWIKIWEB%.WikiName in alphabetical order to this list:



%INCLUDE{"%TWIKIWEB%.WebChangesAlert"}%

__Related topics:__ %TWIKIWEB%.WebChangesAlert, %MAINWEB%.%WIKIUSERSTOPIC%, %TWIKIWEB%.TWikiRegistration

<!-- Do _not_ attempt to edit this topic; it is auto-generated. Please add comments/questions/remarks to the Dev topic instead. -->
   * LynnKutner: *
   * RicardoPereira: *
	Last notification was at 21 Feb 2007 - 13:09
Processing Process
This is a subscription service to be automatically notified by e-mail when topics change in this *<nop>%WEB%* web. This is a convenient service, so you do not have to come back and check all the time if something has changed. To subscribe, please add a bullet with your %TWIKIWEB%.WikiName in alphabetical order to this list:


%INCLUDE{"%TWIKIWEB%.WebChangesAlert"}%

__Related topics:__ %TWIKIWEB%.WebChangesAlert, %MAINWEB%.%WIKIUSERSTOPIC%, %TWIKIWEB%.TWikiRegistration

<!-- Do _not_ attempt to edit this topic; it is auto-generated. Please add comments/questions/remarks to the Dev topic instead. -->
   * JamesYtow: *
   * JohnWieczorek: *
   * ricardo@tdwg.org: *
   * sblum@calacademy.org: *
	Last notification was at 21 Feb 2007 - 13:09
Processing Publish
This is a subscription service to be automatically notified by e-mail when topics change in this *<nop>%WEB%* web. This is a convenient service, so you do not have to come back and check all the time if something has changed. To subscribe, please add a bullet with your %TWIKIWEB%.WikiName in alphabetical order to this list:


%INCLUDE{"%TWIKIWEB%.WebChangesAlert"}%

__Related topics:__ %TWIKIWEB%.WebChangesAlert, %MAINWEB%.%WIKIUSERSTOPIC%, %TWIKIWEB%.TWikiRegistration

<!-- Do _not_ attempt to edit this topic; it is auto-generated. Please add comments/questions/remarks to the Dev topic instead. -->
   * RicardoPereira: *
	Last notification was at 15 Feb 2007 - 19:46
Processing SDD
This is a subscription service to be automatically notified by e-mail when topics change in this *<nop>%WEB%* web. This is a convenient service, so you do not have to come back and check all the time if something has changed. To subscribe, please add a bullet with your %TWIKIWEB%.WikiName in alphabetical order to this list:


%INCLUDE{"%TWIKIWEB%.WebChangesAlert"}%

__Related topics:__ %TWIKIWEB%.WebChangesAlert, %MAINWEB%.%WIKIUSERSTOPIC%, %TWIKIWEB%.TWikiRegistration

<!-- Do _not_ attempt to edit this topic; it is auto-generated. Please add comments/questions/remarks to the Dev topic instead. -->
   * AlexChapman: *
   * AntoineChalubert: *
   * BenRichardson: *
   * BobMorris: *
   * BryanHeidorn: *
   * CyrilGallut: *
   * DamianBarnier: *
   * DaveThau: *
   * DonaldHobern: *
   * EricZurcher: *
   * GregorHagedorn: *
   * JacobAsiedu: *
   * KevinThiele: *
   * MarcBrugman: *
   * MarkusDoering: *
   * NozomiJamesYtow: *
   * PauloPetry: *
   * PrestonHardison: *
   * RegineVignes: *
   * RicardoPereira: *
   * RobBuis: *
   * ShirleyCohen: *
   * SteveShattuck: *
   * TrevorPaterson: *
   * WalterBerendsohn: *
   * WilliamUlate: *
	Last notification was at 23 Feb 2007 - 10:16
Processing SDD/Primer
	SDD/Primer has no subscribers
Processing Sandbox
%MAKETEXT{"This is a subscription service to be automatically notified by e-mail when topics change in this [_1] web. This is a convenient service, so you do not have to come back and check all the time if something has changed. To subscribe, please add a bullet with your [_2] in alphabetical order to this list:" args="*<nop>%WEB%*,%TWIKIWEB%.WikiName"}%



%INCLUDE{"%TWIKIWEB%.WebChangesAlert"}%

__%MAKETEXT{"Related topics:"}%__ %TWIKIWEB%.WebChangesAlert, %MAINWEB%.%WIKIUSERSTOPIC%, %TWIKIWEB%.TWikiRegistration
   * RicardoPereira: *
   * scachett2005@yahoo.com.br: *
	Last notification was at 01 Mar 2007 - 11:17
Processing TAG
This is a subscription service to be automatically notified by e-mail when topics change in this *<nop>%WEB%* web. This is a convenient service, so you do not have to come back and check all the time if something has changed. To subscribe, please add a bullet with your %TWIKIWEB%.WikiName in alphabetical order to this list:


*Note:* Add your email to the notification entry or else you won't get notified. Your email address will be automatically protected from spam using TWiki anti-spam measures.

%INCLUDE{"%TWIKIWEB%.WebChangesAlert"}%

__Related topics:__ %TWIKIWEB%.WebChangesAlert, %MAINWEB%.%WIKIUSERSTOPIC%, %TWIKIWEB%.TWikiRegistration
   * nozomi@biol.tsukuba.ac.jp: *
   * ram@cs.umb.edu: *
   * ricardo@tdwg.org: *
   * roger@hyam.net: *
   * roger@tdwg.org: *
   * tuco@berkeley.edu: *
   * wulate@inbio.ac.cr: *
	Last notification was at 01 Mar 2007 - 10:58
Processing TAPIR
This is a subscription service to be automatically notified by e-mail when topics change in this *<nop>%WEB%* wiki. This is a convenient service, so you do not have to come back and check all the time if something has changed. To subscribe, please add a bullet with your %TWIKIWEB%.WikiName in alphabetical order to this list:


%INCLUDE{"%TWIKIWEB%.WebChangesAlert"}%

__Related topics:__ %TWIKIWEB%.WebChangesAlert, %MAINWEB%.%WIKIUSERSTOPIC%, %TWIKIWEB%.TWikiRegistration

<!-- Do _not_ attempt to edit this topic; it is auto-generated. Please add comments/questions/remarks to the Dev topic instead. -->
   * renato@cria.org.br: *
   * ricardo@tdwg.org: *
   * tuco@berkeley.edu: *
	Last notification was at 28 Feb 2007 - 12:44
Processing TDWG_2006_Proposal
	TDWG_2006_Proposal has no subscribers
Processing TIP
This is a subscription service to be automatically notified by e-mail when topics change in this *<nop>%WEB%* web. This is a convenient service, so you do not have to come back and check all the time if something has changed. To subscribe, please add a bullet with your %TWIKIWEB%.WikiName in alphabetical order to this list:


%INCLUDE{"%TWIKIWEB%.WebChangesAlert"}%

__Related topics:__ %TWIKIWEB%.WebChangesAlert, %MAINWEB%.%WIKIUSERSTOPIC%, %TWIKIWEB%.TWikiRegistration

<!-- Do _not_ attempt to edit this topic; it is auto-generated. Please add comments/questions/remarks to the Dev topic instead. -->
   * JamesYtow: *
   * ricardo@tdwg.org: *
	Last notification was at 21 Feb 2007 - 13:09
Processing TIPAdmin
	TIPAdmin has no subscribers
Processing TNC
This is a subscription service to be automatically notified by e-mail when topics change in this *<nop>%WEB%* web. This is a convenient service, so you do not have to come back and check all the time if something has changed. To subscribe, please add a bullet with your %TWIKIWEB%.WikiName in alphabetical order to this list:


%INCLUDE{"%TWIKIWEB%.WebChangesAlert"}%

__Related topics:__ %TWIKIWEB%.WebChangesAlert, %MAINWEB%.%WIKIUSERSTOPIC%, %TWIKIWEB%.TWikiRegistration

<!-- Do _not_ attempt to edit this topic; it is auto-generated. Please add comments/questions/remarks to the Dev topic instead. -->
   * AaronWilton: *
   * JamesYtow: *
   * RicardoPereira: *
	Last notification was at 21 Feb 2007 - 13:09
Processing TWiki
	TWiki has no subscribers
Processing Trash
	Trash has no subscribers
Processing UBIF
This is a subscription service to be automatically notified by e-mail when topics change in this *<nop>%WEB%* web. This is a convenient service, so you do not have to come back and check all the time if something has changed. To subscribe, please add a bullet with your %TWIKIWEB%.WikiName in alphabetical order to this list:


%INCLUDE{"%TWIKIWEB%.WebChangesAlert"}%

__Related topics:__ %TWIKIWEB%.WebChangesAlert, %MAINWEB%.%WIKIUSERSTOPIC%, %TWIKIWEB%.TWikiRegistration

<!-- Do _not_ attempt to edit this topic; it is auto-generated. Please add comments/questions/remarks to the Dev topic instead. -->
   * RicardoPereira: *
	Last notification was at 21 Feb 2007 - 13:09
	0 change notifications
	0 change notifications
	0 change notifications
	0 change notifications
	0 change notifications
	0 change notifications
	0 change notifications
	0 change notifications
	0 change notifications
	0 change notifications
	0 change notifications
	0 change notifications
	0 change notifications
	0 change notifications
	0 change notifications
	0 change notifications

