Abundance.txt
Address.txt
Addresses.txt
AdultDescription.txt
Agent.txt
AlternativeOrganisms.txt
AreaSize.txt
AwarenessRaising.txt
Biological.txt
Biology.txt
Biostatus.txt
BoundingBoxDX.txt
BoundingBoxDY.txt
Cause.txt
Chemical.txt
ClimatePreference.txt
CommonNames.txt
CommunityComposition.txt
CommunityStructure.txt
ConservationSignificance.txt
ConsultantsReport.txt
Contact.txt
Containment.txt
Continent.txt
Control.txt
CoordinateUncertaintyMeters.txt
Corridor.txt
Country.txt
CountyMunicipality.txt
Cues.txt
Cultural.txt
CulturalAmenity.txt
Date.txt
DateOfFirstObservation.txt
DecimalLatitude.txt
DecimalLongitude.txt
DefinedHabitatSchema.txt
DefinedLocationSchema.txt
DefinedSchema.txt
DefinedSchemaName.txt
DefinedSchemaReference.txt
DefinedSchemaType.txt
DefinedSchemaValue.txt
Degree.txt
Depth.txt
Description.txt
DescriptiveData.txt
DescriptiveDiagnosticData.txt
Dispersal.txt
DissolvedOxygen.txt
Distance.txt
Distribution.txt
Drought.txt
EcoFunctionalGroup.txt
EconomicLivelihood.txt
EcosystemProcesses.txt
EditingHintsForThisWiki.txt
Elevation.txt
EmailAddresses.txt
Enemies.txt
Environmental.txt
Eradication.txt
Expertise.txt
Fact.txt
Facts.txt
FecundityOrOutput.txt
Flooding.txt
ForWikiMaintainers.txt
FreshWaterBody.txt
From.txt
Frost.txt
FullEasting.txt
FullNorthing.txt
GeneralFacts.txt
GeodeticDatum.txt
GlossaryURI.txt
GridUnits.txt
HabitatData.txt
Hosts.txt
HumanHealth.txt
IASPSSchemaAlphabetical.txt
IASPSSchemaConsultantsOrder.txt
IASPSSchemaHiearachical.txt
IPM.txt
ImageURI.txt
ImpactType.txt
Impacts.txt
IncursionDetection.txt
InitialPopulationSize.txt
Interaction.txt
InteractsWithTaxon.txt
IntroducedRange.txt
Introduction.txt
Invasiveness.txt
Island.txt
IslandGroup.txt
JuvenileDescription.txt
KeyFeatures.txt
LifeCycle.txt
LifeStage.txt
Lifestage.txt
Locality.txt
LocalityType.txt
Location.txt
LocationGUID.txt
LocationSpecificFacts.txt
LocationSpecificlFacts.txt
LogoURI.txt
LookalikeTaxon.txt
Lookalikes.txt
Management.txt
MarineBioregion.txt
MaximumDepthInMeters.txt
MaximumElevationInMeters.txt
MaximumSize.txt
Mechanism.txt
Metadata.txt
MinimumDepthInMeters.txt
MinimumElevationInMeters.txt
MiscellaneousElements.txt
Mitigation.txt
NativeRange.txt
NearestNamedPlace.txt
Nutrition.txt
Organisation.txt
OrganismType.txt
Outcome.txt
PH.txt
Part.txt
PathwayType.txt
Pedology.txt
Person.txt
Phenology.txt
Physical.txt
PopulationDynamics.txt
PostPreBorder.txt
Precipitation.txt
Prevention.txt
PrimaryData.txt
ProfileRoot.txt
ProjectOrCaseStudy.txt
ProjectionType.txt
Range.txt
RapidResponse.txt
Realm.txt
ReferenceElement.txt
ReferenceGUID.txt
ReferencedSource.txt
References.txt
Remarks.txt
ReportedData.txt
RequirementsTolerances.txt
RiskStatement.txt
Roles.txt
Route.txt
Salinity.txt
SandBox.txt
SandBoxTopic1.txt
Shading.txt
SolarRadiation.txt
SourceMetadata.txt
SourceMetadataType.txt
SourceReference.txt
Sources.txt
SpeciesBankURI.txt
StateProvince.txt
Status.txt
StrategyOrSystem.txt
Symptom.txt
Taxa.txt
TaxaAndRange.txt
Taxon.txt
TaxonData.txt
TaxonImpacted.txt
TaxonomicType.txt
TelephoneNumbers.txt
Temperature.txt
To.txt
Trend.txt
TrophicLevel.txt
Turbidity.txt
Type.txt
URIs.txt
UTMZone.txt
UndesirableCharacteristics.txt
UniversalHabitatType.txt
UseType.txt
Uses.txt
Vector.txt
VectorBiota.txt
VectorStrength.txt
VectorTempo.txt
WaterVelocity.txt
WebChanges.txt
WebHome.txt
WebIndex.txt
WebNotify.txt
WebPreferences.txt
WebRss.txt
WebSearch.txt
WebStatistics.txt
WebTopicEditTemplate.txt
WebTopicList.txt
