Abbreviation.txt
Abundance.txt
Acknowledgement.txt
Acknowledgements.txt
ActivityDetails.txt
ActivityType.txt
Address.txt
Addresses.txt
AdultDescription.txt
Agent.txt
AgentsX.txt
Aim.txt
AlternativeOrganisms.txt
ApplicationRate.txt
ApplicationRateUnits.txt
Area.txt
AreaSize.txt
Aspect.txt
AtomisedName.txt
Authors.txt
AwarenessRaising.txt
BackgroundInformation.txt
Biological.txt
BiologicalControl.txt
BiologicalControl_Taxa.txt
Biology.txt
BiologyType.txt
Biostatus.txt
Biostatus_Dispersal.txt
Biostatus_Introduction.txt
Biostatus_Status.txt
BoundingBoxDX.txt
BoundingBoxDY.txt
Cause.txt
Chemical.txt
Citation.txt
Citations.txt
Climate.txt
ClimatePreference.txt
ClimatePreferencesType.txt
CommonName.txt
CommonNames.txt
CommunityComposition.txt
CommunityStructure.txt
Competition.txt
CompletionDate.txt
Concentration.txt
ConcentrationUnits.txt
Conclusion.txt
ConservationSignificance.txt
Contact.txt
Contacts.txt
Containment.txt
ContentMetadata.txt
ContentMetadata_Description.txt
Continent.txt
Contributors.txt
Control.txt
ControlMethodsType.txt
CoordinateUncertaintyMeters.txt
Copyright.txt
Copyrights.txt
Corridor.txt
Cost.txt
CostToDate.txt
Country.txt
CountyMunicipality.txt
Coverage.txt
Creators.txt
Criteria.txt
Cultural.txt
CulturalAmenity.txt
DataQualityStatement.txt
Date.txt
DateCreated.txt
DateIssued.txt
DateModified.txt
DateOfFirstObservation.txt
DecimalLatitude.txt
DecimalLongitude.txt
DefinedHabitatSchema.txt
DefinedLifeFormSchema.txt
DefinedLocationSchema.txt
DefinedSchema.txt
DefinedSchemaName.txt
DefinedSchemaReference.txt
DefinedSchemaType.txt
DefinedSchemaValue.txt
Degree.txt
Depth.txt
DescriptiveData.txt
DescriptiveDiagnosticData.txt
DescriptiveDiagnosticDataType.txt
Details.txt
DevelopmentStage.txt
DevelopmentTime.txt
Device.txt
DifficultyEfficacy.txt
Disclaimer.txt
Disclaimers.txt
Dispersal.txt
DissolvedOxygen.txt
Distance.txt
Distribution.txt
Disturbance.txt
Drought.txt
Duration.txt
EcoFunctionalGroup.txt
EconomicLivelihood.txt
EcosystemProcesses.txt
Elevation.txt
EmailAddress.txt
EmailAddresses.txt
Enemies.txt
Environmental.txt
Eradication.txt
EstimatedTotalCost.txt
Expertise.txt
ExpertiseType.txt
FactSheetType.txt
Facts.txt
Failure.txt
FamilyName.txt
FecundityOrOutput.txt
Font.txt
FreeTextRange.txt
FreshWaterBody.txt
From.txt
Frost.txt
FullEasting.txt
FullName.txt
FullNorthing.txt
GeneralFacts.txt
GeoEcologicalTerm.txt
GeodeticDatum.txt
GeoecologicalTerms.txt
GivenNames.txt
GlossaryURI.txt
GridSize.txt
GridUnits.txt
Growth.txt
Growth_Cues.txt
HabitatData.txt
HabitatRange.txt
HabitatType.txt
HabitatType_Description.txt
Herbicides.txt
Hosts.txt
HostsType.txt
HumanHealth.txt
Hunting.txt
IPM.txt
IPRDeclaration.txt
IPRDeclarations.txt
IPRStatements.txt
IconURI.txt
ImageURI.txt
Impacts.txt
ImpactsType.txt
ImpactsType_FreeText.txt
ImpactsType_Type.txt
IncursionDetection.txt
InheritedName.txt
InitialPopulationSize.txt
Interaction.txt
Interactions.txt
InteractionsType.txt
InteractionsType_Status.txt
InteractsWithTaxon.txt
IntroducedRange.txt
Introduction.txt
Invasiveness.txt
Island.txt
IslandGroup.txt
JuvenileDescription.txt
KeyFeatures.txt
Keyword.txt
Kingdom.txt
Label.txt
LabelRepr.txt
Label_Representation.txt
Language.txt
LegalRegulatory.txt
LegalStatus.txt
License.txt
Licenses.txt
LifeCycle.txt
LifeForm.txt
LifeStage.txt
Locality.txt
LocalityType.txt
Location.txt
LocationGUID.txt
LocationOfUse.txt
LocationSpecificlFacts.txt
LocationType.txt
LogoURI.txt
LookalikeTaxon.txt
Lookalikes.txt
LowerDepth.txt
LowerElevation.txt
LowerPrecipitation.txt
LowerTemperature.txt
Major.txt
Management.txt
ManagementDataType.txt
ManagementMethodType.txt
ManagementType.txt
MarineBioregion.txt
MaximumDepthInMeters.txt
MaximumElevationInMeters.txt
MaximumSize.txt
Mechanism.txt
Metadata.txt
MetadataDescriptionRepr.txt
MinimumDepthInMeters.txt
MinimumElevationInMeters.txt
Minor.txt
Mitigation.txt
MitigationAction.txt
Modifier.txt
Name.txt
NativeInArea.txt
NativeRange.txt
NearestNamedPlace.txt
NonTargetIssues.txt
Number.txt
NumberApplications.txt
Nutrition.txt
ObservationCollectionSurvey.txt
Occurrence.txt
OrgUnit.txt
OrgUnits.txt
Organisation.txt
OrganismType.txt
Other.txt
Outcome.txt
OutcomeSuccess.txt
Owner.txt
Owners.txt
Paragraph.txt
ParagraphsType.txt
Part.txt
ParticleSize.txt
PathwayType.txt
PathwayType_Type.txt
Pedology.txt
Person.txt
PersonName.txt
Phenology.txt
Physical.txt
PlaceholderType.txt
Poison.txt
PopulationDynamics.txt
PostPreBorder.txt
Precipitation.txt
PreferredName.txt
Prefix.txt
Prevention.txt
PrimaryData.txt
ProfileGUID.txt
ProfileRoot.txt
ProjectOrCaseStudy.txt
ProjectOrCaseStudyType.txt
ProjectOrCaseStudyType_NonTargetIssues.txt
ProjectOrCaseStudyType_Sources.txt
ProjectionType.txt
Range.txt
RangeType.txt
RapidResponse.txt
Rate.txt
Realm.txt
ReferenceElement.txt
ReferenceGUID.txt
ReferencedSource.txt
References.txt
ReinvasionRisk.txt
Remarks.txt
ReportedData.txt
Representation.txt
Reproduction.txt
Reproduction_Cues.txt
RequirementsTolerances.txt
RequirementsTolerancesType.txt
RequirementsTolerancesType_Temperature.txt
Results.txt
RevisionData.txt
RiskOfReinvasion.txt
RiskStatement.txt
Role.txt
Roles.txt
Route.txt
Route_FreeText.txt
SDDGUID.txt
Salinity.txt
ScientificName.txt
Scope.txt
Shading.txt
ShowLine.txt
SlopeRange.txt
SoilDrainage.txt
SoilReaction.txt
SoilTexture.txt
SoilType.txt
SolarRadiation.txt
SortingName.txt
SourceMetadata.txt
SourceMetadataType.txt
SourceReference.txt
Sources.txt
SpeciesBankURI.txt
StartDate.txt
StateProvince.txt
Statement.txt
Statement_Details.txt
Statement_Text.txt
Statement_URI.txt
StrategyOrSystem.txt
StringL.txt
StringL255.txt
StringLP.txt
StringP255.txt
Success.txt
SuccessCriteria.txt
Suffix.txt
Summary.txt
SupportingDocumentation.txt
Symptom.txt
TCSGUID .txt
TaxaAndRange.txt
TaxaAndRange_Taxa.txt
Taxon.txt
TaxonData .txt
TaxonData.txt
TaxonDataSources.txt
TaxonImpacted.txt
TaxonomicTerm .txt
TaxonomicTerms .txt
TaxonomicType .txt
TaxonomicType.txt
TelephoneDevice .txt
TelephoneNumber.txt
TelephoneNumbers.txt
Temperature.txt
TermsOfUse .txt
TermsOfUseStatements.txt
Text.txt
TimeBetweenApplications.txt
Title.txt
To.txt
Trapping.txt
Trend.txt
TrophicLevel.txt
Turbidity.txt
URI.txt
URIs.txt
URL.txt
UTMZone.txt
UndesirableCharacteristics.txt
UniversalHabitatType.txt
UpperDepth.txt
UpperElevation.txt
UpperPrecipiation.txt
UpperTemperature.txt
UsageNotes.txt
UseType.txt
Uses.txt
UsesType.txt
UsesType_Description.txt
Vector.txt
Version.txt
WaterVelocity.txt
Waterlogging.txt
anyUriP.txt
pH.txt
