cat foo.template > Acknowledgement.txt
cat foo.template > Acknowledgements.txt
cat foo.template > ActivityDetails.txt
cat foo.template > ActivityType.txt
cat foo.template > AgentsX.txt
cat foo.template > Aim.txt
cat foo.template > ApplicationRate.txt
cat foo.template > ApplicationRateUnits.txt
cat foo.template > Area.txt
cat foo.template > Aspect.txt
cat foo.template > AtomisedName.txt
cat foo.template > Authors.txt
cat foo.template > BackgroundInformation.txt
cat foo.template > BiologicalControl.txt
cat foo.template > BiologicalControl_Taxa.txt
cat foo.template > BiologyType.txt
cat foo.template > Biostatus_Dispersal.txt
cat foo.template > Biostatus_Introduction.txt
cat foo.template > Biostatus_Status.txt
cat foo.template > Citation.txt
cat foo.template > Citations.txt
cat foo.template > Climate.txt
cat foo.template > ClimatePreferencesType.txt
cat foo.template > CommonName.txt
cat foo.template > Competition.txt
cat foo.template > CompletionDate.txt
cat foo.template > Concentration.txt
cat foo.template > ConcentrationUnits.txt
cat foo.template > Conclusion.txt

cat foo.template > Contacts.txt
cat foo.template > ContentMetadata.txt
cat foo.template > ContentMetadata_Description.txt
cat foo.template > Contributors.txt
cat foo.template > ControlMethodsType.txt
cat foo.template > Copyright.txt
cat foo.template > Copyrights.txt
cat foo.template > Cost.txt
cat foo.template > CostToDate.txt
cat foo.template > Coverage.txt
cat foo.template > Creators.txt
cat foo.template > Criteria.txt
cat foo.template > DataQualityStatement.txt
cat foo.template > DateCreated.txt
cat foo.template > DateIssued.txt
cat foo.template > DateModified.txt
cat foo.template > DefinedLifeFormSchema.txt

cat foo.template > DescriptiveDiagnosticDataType.txt
cat foo.template > Details.txt
cat foo.template > DevelopmentStage.txt
cat foo.template > DevelopmentTime.txt
cat foo.template > Device.txt
cat foo.template > DifficultyEfficacy.txt
cat foo.template > Disclaimer.txt
cat foo.template > Disclaimers.txt
cat foo.template > Disturbance.txt
cat foo.template > Duration.txt
cat foo.template > EmailAddress.txt
cat foo.template > EstimatedTotalCost.txt
cat foo.template > ExpertiseType.txt
cat foo.template > FactSheetType.txt
cat foo.template > Failure.txt
cat foo.template > FamilyName.txt
cat foo.template > Font.txt
cat foo.template > FreeTextRange.txt
cat foo.template > FullName.txt
cat foo.template > GeoEcologicalTerm.txt
cat foo.template > GeoecologicalTerms.txt
cat foo.template > GivenNames.txt
cat foo.template > GridSize.txt
cat foo.template > Growth.txt
cat foo.template > Growth_Cues.txt
cat foo.template > HabitatRange.txt
cat foo.template > HabitatType.txt
cat foo.template > HabitatType_Description.txt
cat foo.template > Herbicides.txt
cat foo.template > HostsType.txt
cat foo.template > Hunting.txt
cat foo.template > IPRDeclaration.txt
cat foo.template > IPRDeclarations.txt
cat foo.template > IPRStatements.txt
cat foo.template > IconURI.txt
cat foo.template > ImpactsType.txt
cat foo.template > ImpactsType_FreeText.txt
cat foo.template > ImpactsType_Type.txt
cat foo.template > InheritedName.txt
cat foo.template > Interactions.txt
cat foo.template > InteractionsType.txt
cat foo.template > InteractionsType_Status.txt
cat foo.template > Keyword.txt
cat foo.template > Kingdom.txt
cat foo.template > Label.txt
cat foo.template > LabelRepr.txt
cat foo.template > Label_Representation.txt
cat foo.template > Language.txt
cat foo.template > LegalRegulatory.txt
cat foo.template > LegalStatus.txt
cat foo.template > License.txt
cat foo.template > Licenses.txt
cat foo.template > LifeForm.txt
cat foo.template > LocationOfUse.txt
cat foo.template > LocationType.txt
cat foo.template > LowerDepth.txt
cat foo.template > LowerElevation.txt
cat foo.template > LowerPrecipitation.txt
cat foo.template > LowerTemperature.txt
cat foo.template > Major.txt
cat foo.template > ManagementDataType.txt
cat foo.template > ManagementMethodType.txt
cat foo.template > ManagementType.txt
cat foo.template > MetadataDescriptionRepr.txt
cat foo.template > Minor.txt
cat foo.template > MitigationAction.txt
cat foo.template > Modifier.txt
cat foo.template > Name.txt
cat foo.template > NativeInArea.txt
cat foo.template > NonTargetIssues.txt
cat foo.template > Number.txt
cat foo.template > NumberApplications.txt
cat foo.template > ObservationCollectionSurvey.txt
cat foo.template > Occurrence.txt
cat foo.template > OrgUnit.txt
cat foo.template > OrgUnits.txt
cat foo.template > Other.txt
cat foo.template > OutcomeSuccess.txt
cat foo.template > Owner.txt
cat foo.template > Owners.txt
cat foo.template > Paragraph.txt
cat foo.template > ParagraphsType.txt
cat foo.template > ParticleSize.txt
cat foo.template > PathwayType_Type.txt
cat foo.template > PersonName.txt
cat foo.template > PlaceholderType.txt
cat foo.template > Poison.txt
cat foo.template > PreferredName.txt
cat foo.template > Prefix.txt
cat foo.template > ProfileGUID.txt
cat foo.template > ProjectOrCaseStudyType.txt
cat foo.template > ProjectOrCaseStudyType_NonTargetIssues.txt
cat foo.template > ProjectOrCaseStudyType_Sources.txt
cat foo.template > RangeType.txt
cat foo.template > Rate.txt
cat foo.template > ReinvasionRisk.txt
cat foo.template > Representation.txt
cat foo.template > Reproduction.txt
cat foo.template > Reproduction_Cues.txt
cat foo.template > RequirementsTolerancesType.txt
cat foo.template > RequirementsTolerancesType_Temperature.txt
cat foo.template > Results.txt
cat foo.template > RevisionData.txt
cat foo.template > RiskOfReinvasion.txt
cat foo.template > Role.txt
cat foo.template > Route_FreeText.txt
cat foo.template > SDDGUID.txt
cat foo.template > ScientificName.txt
cat foo.template > Scope.txt
cat foo.template > ShowLine.txt
cat foo.template > SlopeRange.txt
cat foo.template > SoilDrainage.txt
cat foo.template > SoilReaction.txt
cat foo.template > SoilTexture.txt
cat foo.template > SoilType.txt
cat foo.template > SortingName.txt
cat foo.template > StartDate.txt
cat foo.template > Statement.txt
cat foo.template > Statement_Details.txt
cat foo.template > Statement_Text.txt
cat foo.template > Statement_URI.txt
cat foo.template > StringL.txt
cat foo.template > StringL255.txt
cat foo.template > StringLP.txt
cat foo.template > StringP255.txt
cat foo.template > Success.txt
cat foo.template > SuccessCriteria.txt
cat foo.template > Suffix.txt
cat foo.template > Summary.txt
cat foo.template > SupportingDocumentation.txt
cat foo.template > TCSGUID.txt
cat foo.template > TaxaAndRange_Taxa.txt
cat foo.template > TaxonData.txt
cat foo.template > TaxonDataSources.txt
cat foo.template > TaxonomicTerm.txt
cat foo.template > TaxonomicTerms.txt
cat foo.template > TaxonomicType.txt
cat foo.template > TelephoneDevice.txt
cat foo.template > TelephoneNumber.txt
cat foo.template > TermsOfUse .txt
cat foo.template > TermsOfUseStatements.txt
cat foo.template > Text.txt
cat foo.template > TimeBetweenApplications.txt
cat foo.template > Title.txt
cat foo.template > Trapping.txt
cat foo.template > URI.txt
cat foo.template > URL.txt
cat foo.template > UpperDepth.txt
cat foo.template > UpperElevation.txt
cat foo.template > UpperPrecipiation.txt
cat foo.template > UpperTemperature.txt
cat foo.template > UsageNotes.txt
cat foo.template > UsesType.txt
cat foo.template > UsesType_Description.txt
cat foo.template > Version.txt
cat foo.template > Waterlogging.txt
cat foo.template > anyUriP.txt
cat foo.template > pH.txt
